# JRE version: OpenJDK Runtime Environment (8.0_152-b01) (build 1.8.0_152-release-1343-b01)
# Java VM: OpenJDK 64-Bit Server VM (25.152-b01 mixed mode windows-amd64 compressed oops)
Heap:
 PSYoungGen      total 297984K, used 162900K [0x00000000e0000000, 0x00000000f5e00000, 0x0000000100000000)
  eden space 287744K, 53% used [0x00000000e0000000,0x00000000e953bc30,0x00000000f1900000)
  from space 10240K, 98% used [0x00000000f5400000,0x00000000f5dd94b8,0x00000000f5e00000)
  to   space 26624K, 0% used [0x00000000f2a00000,0x00000000f2a00000,0x00000000f4400000)
 ParOldGen       total 149504K, used 49444K [0x00000000a0000000, 0x00000000a9200000, 0x00000000e0000000)
  object space 149504K, 33% used [0x00000000a0000000,0x00000000a3049248,0x00000000a9200000)
 Metaspace       used 62520K, capacity 64856K, committed 65024K, reserved 1105920K
  class space    used 8344K, capacity 8907K, committed 8960K, reserved 1048576K
GC Heap History (10 events):
Event: 19.689 GC heap before
{Heap before GC invocations=11 (full 2):
 PSYoungGen      total 188416K, used 188409K [0x00000000e0000000, 0x00000000ee500000, 0x0000000100000000)
  eden space 175104K, 100% used [0x00000000e0000000,0x00000000eab00000,0x00000000eab00000)
  from space 13312K, 99% used [0x00000000eba00000,0x00000000ec6fe510,0x00000000ec700000)
  to   space 15360K, 0% used [0x00000000eab00000,0x00000000eab00000,0x00000000eba00000)
 ParOldGen       total 89088K, used 21926K [0x00000000a0000000, 0x00000000a5700000, 0x00000000e0000000)
  object space 89088K, 24% used [0x00000000a0000000,0x00000000a1569b00,0x00000000a5700000)
 Metaspace       used 54264K, capacity 56008K, committed 56192K, reserved 1097728K
  class space    used 7522K, capacity 7971K, committed 8064K, reserved 1048576K
Event: 19.753 GC heap after
Heap after GC invocations=11 (full 2):
 PSYoungGen      total 190464K, used 15342K [0x00000000e0000000, 0x00000000f1480000, 0x0000000100000000)
  eden space 175104K, 0% used [0x00000000e0000000,0x00000000e0000000,0x00000000eab00000)
  from space 15360K, 99% used [0x00000000eab00000,0x00000000eb9fb9a8,0x00000000eba00000)
  to   space 21504K, 0% used [0x00000000eff80000,0x00000000eff80000,0x00000000f1480000)
 ParOldGen       total 89088K, used 31475K [0x00000000a0000000, 0x00000000a5700000, 0x00000000e0000000)
  object space 89088K, 35% used [0x00000000a0000000,0x00000000a1ebcf40,0x00000000a5700000)
 Metaspace       used 54264K, capacity 56008K, committed 56192K, reserved 1097728K
  class space    used 7522K, capacity 7971K, committed 8064K, reserved 1048576K
}
Event: 23.389 GC heap before
{Heap before GC invocations=12 (full 2):
 PSYoungGen      total 190464K, used 190446K [0x00000000e0000000, 0x00000000f1480000, 0x0000000100000000)
  eden space 175104K, 100% used [0x00000000e0000000,0x00000000eab00000,0x00000000eab00000)
  from space 15360K, 99% used [0x00000000eab00000,0x00000000eb9fb9a8,0x00000000eba00000)
  to   space 21504K, 0% used [0x00000000eff80000,0x00000000eff80000,0x00000000f1480000)
 ParOldGen       total 89088K, used 31475K [0x00000000a0000000, 0x00000000a5700000, 0x00000000e0000000)
  object space 89088K, 35% used [0x00000000a0000000,0x00000000a1ebcf40,0x00000000a5700000)
 Metaspace       used 56455K, capacity 58312K, committed 58496K, reserved 1099776K
  class space    used 7747K, capacity 8199K, committed 8320K, reserved 1048576K
Event: 23.472 GC heap after
Heap after GC invocations=12 (full 2):
 PSYoungGen      total 254976K, used 21473K [0x00000000e0000000, 0x00000000f2480000, 0x0000000100000000)
  eden space 233472K, 0% used [0x00000000e0000000,0x00000000e0000000,0x00000000ee400000)
  from space 21504K, 99% used [0x00000000eff80000,0x00000000f1478698,0x00000000f1480000)
  to   space 28160K, 0% used [0x00000000ee400000,0x00000000ee400000,0x00000000eff80000)
 ParOldGen       total 89088K, used 41035K [0x00000000a0000000, 0x00000000a5700000, 0x00000000e0000000)
  object space 89088K, 46% used [0x00000000a0000000,0x00000000a2812cc0,0x00000000a5700000)
 Metaspace       used 56455K, capacity 58312K, committed 58496K, reserved 1099776K
  class space    used 7747K, capacity 8199K, committed 8320K, reserved 1048576K
}
Event: 26.898 GC heap before
{Heap before GC invocations=13 (full 2):
 PSYoungGen      total 254976K, used 168383K [0x00000000e0000000, 0x00000000f2480000, 0x0000000100000000)
  eden space 233472K, 62% used [0x00000000e0000000,0x00000000e8f77930,0x00000000ee400000)
  from space 21504K, 99% used [0x00000000eff80000,0x00000000f1478698,0x00000000f1480000)
  to   space 28160K, 0% used [0x00000000ee400000,0x00000000ee400000,0x00000000eff80000)
 ParOldGen       total 89088K, used 41035K [0x00000000a0000000, 0x00000000a5700000, 0x00000000e0000000)
  object space 89088K, 46% used [0x00000000a0000000,0x00000000a2812cc0,0x00000000a5700000)
 Metaspace       used 57094K, capacity 58970K, committed 59028K, reserved 1099776K
  class space    used 7809K, capacity 8262K, committed 8320K, reserved 1048576K
Event: 26.931 GC heap after
Heap after GC invocations=13 (full 2):
 PSYoungGen      total 261632K, used 1584K [0x00000000e0000000, 0x00000000f6f80000, 0x0000000100000000)
  eden space 233472K, 0% used [0x00000000e0000000,0x00000000e0000000,0x00000000ee400000)
  from space 28160K, 5% used [0x00000000ee400000,0x00000000ee58c020,0x00000000eff80000)
  to   space 28160K, 0% used [0x00000000f5400000,0x00000000f5400000,0x00000000f6f80000)
 ParOldGen       total 89088K, used 62384K [0x00000000a0000000, 0x00000000a5700000, 0x00000000e0000000)
  object space 89088K, 70% used [0x00000000a0000000,0x00000000a3cec080,0x00000000a5700000)
 Metaspace       used 57094K, capacity 58970K, committed 59028K, reserved 1099776K
  class space    used 7809K, capacity 8262K, committed 8320K, reserved 1048576K
}
Event: 26.931 GC heap before
{Heap before GC invocations=14 (full 3):
 PSYoungGen      total 261632K, used 1584K [0x00000000e0000000, 0x00000000f6f80000, 0x0000000100000000)
  eden space 233472K, 0% used [0x00000000e0000000,0x00000000e0000000,0x00000000ee400000)
  from space 28160K, 5% used [0x00000000ee400000,0x00000000ee58c020,0x00000000eff80000)
  to   space 28160K, 0% used [0x00000000f5400000,0x00000000f5400000,0x00000000f6f80000)
 ParOldGen       total 89088K, used 62384K [0x00000000a0000000, 0x00000000a5700000, 0x00000000e0000000)
  object space 89088K, 70% used [0x00000000a0000000,0x00000000a3cec080,0x00000000a5700000)
 Metaspace       used 57094K, capacity 58970K, committed 59028K, reserved 1099776K
  class space    used 7809K, capacity 8262K, committed 8320K, reserved 1048576K
Event: 27.364 GC heap after
Heap after GC invocations=14 (full 3):
 PSYoungGen      total 261632K, used 0K [0x00000000e0000000, 0x00000000f6f80000, 0x0000000100000000)
  eden space 233472K, 0% used [0x00000000e0000000,0x00000000e0000000,0x00000000ee400000)
  from space 28160K, 0% used [0x00000000ee400000,0x00000000ee400000,0x00000000eff80000)
  to   space 28160K, 0% used [0x00000000f5400000,0x00000000f5400000,0x00000000f6f80000)
 ParOldGen       total 149504K, used 49436K [0x00000000a0000000, 0x00000000a9200000, 0x00000000e0000000)
  object space 149504K, 33% used [0x00000000a0000000,0x00000000a3047248,0x00000000a9200000)
 Metaspace       used 57094K, capacity 58970K, committed 59028K, reserved 1099776K
  class space    used 7809K, capacity 8262K, committed 8320K, reserved 1048576K
}
Event: 3772.904 GC heap before
{Heap before GC invocations=15 (full 3):
 PSYoungGen      total 261632K, used 233472K [0x00000000e0000000, 0x00000000f6f80000, 0x0000000100000000)
  eden space 233472K, 100% used [0x00000000e0000000,0x00000000ee400000,0x00000000ee400000)
  from space 28160K, 0% used [0x00000000ee400000,0x00000000ee400000,0x00000000eff80000)
  to   space 28160K, 0% used [0x00000000f5400000,0x00000000f5400000,0x00000000f6f80000)
 ParOldGen       total 149504K, used 49436K [0x00000000a0000000, 0x00000000a9200000, 0x00000000e0000000)
  object space 149504K, 33% used [0x00000000a0000000,0x00000000a3047248,0x00000000a9200000)
 Metaspace       used 61309K, capacity 63530K, committed 63872K, reserved 1103872K
  class space    used 8190K, capacity 8738K, committed 8832K, reserved 1048576K
Event: 3774.358 GC heap after
Heap after GC invocations=15 (full 3):
 PSYoungGen      total 297984K, used 10085K [0x00000000e0000000, 0x00000000f5e00000, 0x0000000100000000)
  eden space 287744K, 0% used [0x00000000e0000000,0x00000000e0000000,0x00000000f1900000)
  from space 10240K, 98% used [0x00000000f5400000,0x00000000f5dd94b8,0x00000000f5e00000)
  to   space 26624K, 0% used [0x00000000f2a00000,0x00000000f2a00000,0x00000000f4400000)
 ParOldGen       total 149504K, used 49444K [0x00000000a0000000, 0x00000000a9200000, 0x00000000e0000000)
  object space 149504K, 33% used [0x00000000a0000000,0x00000000a3049248,0x00000000a9200000)
 Metaspace       used 61309K, capacity 63530K, committed 63872K, reserved 1103872K
  class space    used 8190K, capacity 8738K, committed 8832K, reserved 1048576K
}

